PRT1
29
44
4 0 9 (4096 5120 1120 ) (4096 5120 2656 ) (4096 6112 2656 ) (4096 6112 1120 ) 
4 0 1 (4096 5120 2656 ) (4096 5120 1120 ) (5088 5120 1120 ) (5088 5120 2656 ) 
4 1 11 (4096 4096 1120 ) (4096 4096 2656 ) (4096 5120 2656 ) (4096 5120 1120 ) 
4 1 5 (5088 4096 2656 ) (4096 4096 2656 ) (4096 4096 1120 ) (5088 4096 1120 ) 
4 2 4 (6144 3072 1153 ) (6144 3072 1440 ) (6144 3552 1440 ) (6144 3552 1153 ) 
4 2 3 (6720 3072 1440 ) (6144 3072 1440 ) (6144 3072 1153 ) (6720 3072 1153 ) 
4 3 6 (6144 2656 1440 ) (6144 3072 1440 ) (6144 3072 1153 ) (6144 2656 1153 ) 
4 4 6 (6144 3072 1153 ) (6144 3072 1440 ) (5920 3072 1440 ) (5920 3072 1153 ) 
4 5 17 (4096 3072 1120 ) (4096 3072 2656 ) (4096 4096 2656 ) (4096 4096 1120 ) 
4 5 7 (4096 3072 2656 ) (4096 3072 1120 ) (5088 3072 1120 ) (5088 3072 2656 ) 
4 7 19 (4096 2048 1120 ) (4096 2048 2656 ) (4096 3072 2656 ) (4096 3072 1120 ) 
4 7 8 (4096 2048 2656 ) (4096 2048 1120 ) (5088 2048 1120 ) (5088 2048 2656 ) 
4 8 21 (4096 1056 2656 ) (4096 2048 2656 ) (4096 2048 1120 ) (4096 1056 1120 ) 
4 9 11 (4096 5120 1120 ) (4096 5120 2656 ) (3072 5120 2656 ) (3072 5120 1120 ) 
4 9 10 (3072 6112 1120 ) (3072 5120 1120 ) (3072 5120 2656 ) (3072 6112 2656 ) 
4 10 13 (2048 5120 1120 ) (2048 5120 2656 ) (2048 6112 2656 ) (2048 6112 1120 ) 
4 10 12 (2048 5120 2656 ) (2048 5120 1120 ) (3072 5120 1120 ) (3072 5120 2656 ) 
4 11 17 (4096 4096 1120 ) (4096 4096 2656 ) (3072 4096 2656 ) (3072 4096 1120 ) 
4 11 12 (3072 5120 2656 ) (3072 5120 1120 ) (3072 4096 1120 ) (3072 4096 2656 ) 
4 12 18 (3072 4096 1120 ) (3072 4096 2656 ) (2048 4096 2656 ) (2048 4096 1120 ) 
4 12 14 (2048 4096 1120 ) (2048 4096 2656 ) (2048 5120 2656 ) (2048 5120 1120 ) 
4 13 15 (1024 5120 1120 ) (1024 5120 2656 ) (1024 6112 2656 ) (1024 6112 1120 ) 
4 13 14 (2048 5120 1120 ) (2048 5120 2656 ) (1024 5120 2656 ) (1024 5120 1120 ) 
4 14 23 (2048 4096 1120 ) (2048 4096 2656 ) (1024 4096 2656 ) (1024 4096 1120 ) 
4 14 16 (1024 4096 1120 ) (1024 4096 2656 ) (1024 5120 2656 ) (1024 5120 1120 ) 
4 15 16 (1024 5120 1120 ) (1024 5120 2656 ) (32 5120 2656 ) (32 5120 1120 ) 
4 16 25 (1024 4096 1120 ) (1024 4096 2656 ) (32 4096 2656 ) (32 4096 1120 ) 
4 17 19 (4096 3072 1120 ) (4096 3072 2656 ) (3072 3072 2656 ) (3072 3072 1120 ) 
4 17 18 (3072 3072 1120 ) (3072 3072 2656 ) (3072 4096 2656 ) (3072 4096 1120 ) 
4 18 23 (2048 4096 2656 ) (2048 4096 1120 ) (2048 3072 1120 ) (2048 3072 2656 ) 
4 18 20 (2048 3072 2656 ) (2048 3072 1120 ) (3072 3072 1120 ) (3072 3072 2656 ) 
4 19 21 (4096 2048 1120 ) (4096 2048 2656 ) (3072 2048 2656 ) (3072 2048 1120 ) 
4 19 20 (3072 3072 2656 ) (3072 3072 1120 ) (3072 2048 1120 ) (3072 2048 2656 ) 
4 20 24 (2048 2048 1120 ) (2048 2048 2656 ) (2048 3072 2656 ) (2048 3072 1120 ) 
4 20 22 (3072 2048 1120 ) (3072 2048 2656 ) (2048 2048 2656 ) (2048 2048 1120 ) 
4 21 22 (3072 1056 2656 ) (3072 2048 2656 ) (3072 2048 1120 ) (3072 1056 1120 ) 
4 22 27 (2048 1056 2656 ) (2048 2048 2656 ) (2048 2048 1120 ) (2048 1056 1120 ) 
4 23 25 (1024 4096 2656 ) (1024 4096 1120 ) (1024 3072 1120 ) (1024 3072 2656 ) 
4 23 24 (2048 3072 1120 ) (2048 3072 2656 ) (1024 3072 2656 ) (1024 3072 1120 ) 
4 24 27 (2048 2048 1120 ) (2048 2048 2656 ) (1024 2048 2656 ) (1024 2048 1120 ) 
4 24 26 (1024 2048 1120 ) (1024 2048 2656 ) (1024 3072 2656 ) (1024 3072 1120 ) 
4 25 26 (1024 3072 1120 ) (1024 3072 2656 ) (32 3072 2656 ) (32 3072 1120 ) 
4 26 28 (1024 2048 1120 ) (1024 2048 2656 ) (32 2048 2656 ) (32 2048 1120 ) 
4 27 28 (1024 2048 2656 ) (1024 2048 1120 ) (1024 1056 1120 ) (1024 1056 2656 ) 
