


materialPath: I:\steam\steamapps\common\Counter-Strike Global Offensive\csgo\materials
Loading i:\csgodev\other\towerdefence.vmf
Map revision 1
fixing up env_cubemap materials on brush sides...
0...1...2...3...4...5...6...7...8...9...100...1...2...3...4...5...6...7...8...9...10Processing areas...done (0)
Building Faces...done (0)
FixTjuncs...
PruneNodes...
WriteBSP...
done (0)
writing i:\csgodev\other\towerdefence.prt...Building visibility clusters...
done (0)
Finding displacement neighbors...
Finding lightmap sample positions...
Displacement Alpha : 0...1...2...3...4...5...6...7...8...9...10
Building Physics collision data...
done (0) (4458 bytes)
Placing detail props : 0...1...2...3...4...5...6...7...8...9...10
Compacting texture/material tables...
Reduced 12 texinfos to 4
Reduced 4 texdatas to 4 (89 bytes to 89)
Writing i:\csgodev\other\towerdefence.bsp
1 second elapsed



8 threads
reading i:\csgodev\other\towerdefence.bsp
reading i:\csgodev\other\towerdefence.prt
   4 portalclusters
   4 numportals
0...1...2...3...4...5...6...7...8...9...100...1...2...3...4...5...6...7...8...9...10Optimized: 0 visible clusters (0.00%)
Total clusters visible: 16
Average clusters visible: 4
Building PAS...
Average clusters audible: 4
visdatasize:44  compressed from 64
writing i:\csgodev\other\towerdefence.bsp
0 seconds elapsed



[Reading texlights from 'lights.rad']
[17 texlights parsed from 'lights.rad']

Loading i:\csgodev\other\towerdefence.bsp
16 faces
11984 square feet [1725696.00 square inches]
0 Displacements
0 Square Feet [0.00 Square Inches]
16 patches before subdivision
392 patches after subdivision
0 direct lights
0...1...2...3...4...5...6...7...8...9...100...1...2...3...4...5...6...7...8...9...10transfers 835, max 84
transfer lists:   0.0 megs
0...1...2...3...4...5...6...7...8...9...10	Bounce #1 added RGB(0, 0, 0)
Build Patch/Sample Hash Table(s).....Done<0.0002 sec>
0...1...2...3...4...5...6...7...8...9...10FinalLightFace Done
0 of 0 (0% of) surface lights went in leaf ambient cubes.
0...1...2...3...4...5...6...7...8...9...10Writing leaf ambient...done
Ready to Finish

Object names       Objects/Maxobjs  Memory / Maxmem  Fullness 
------------       ---------------  ---------------  -------- 
models                   1/1024           48/49152    ( 0.1%) 
brushes                 12/8192          144/98304    ( 0.1%) 
brushsides              72/65536         576/524288   ( 0.1%) 
planes                  74/65536        1480/1310720  ( 0.1%) 
vertexes                35/65536         420/786432   ( 0.1%) 
nodes                   26/65536         832/2097152  ( 0.0%) 
texinfos                 4/12288         288/884736   ( 0.0%) 
texdata                  4/2048          128/65536    ( 0.2%) 
dispinfos                0/0               0/0        ( 0.0%) 
disp_verts               0/0               0/0        ( 0.0%) 
disp_tris                0/0               0/0        ( 0.0%) 
disp_multiblend          0/0               0/0        ( 0.0%) 
disp_lmsamples           0/0               0/0        ( 0.0%) 
faces                   16/65536         896/3670016  ( 0.0%) 
hdr faces                0/65536           0/3670016  ( 0.0%) 
origfaces                6/65536         336/3670016  ( 0.0%) 
facebrushes              0/0               0/0        ( 0.0%) 
facebrushlists          16/0              64/0        ( 0.0%) 
leaves                  28/65536         896/2097152  ( 0.0%) 
leaffaces               16/65536          32/131072   ( 0.0%) 
leafbrushes             35/65536          70/131072   ( 0.1%) 
areas                    2/1024           16/8192     ( 0.2%) 
surfedges               88/512000        352/2048000  ( 0.0%) 
edges                   57/256000        228/1024000  ( 0.0%) 
LDR worldlights          0/8192            0/819200   ( 0.0%) 
HDR worldlights          0/8192            0/819200   ( 0.0%) 
leafwaterdata            0/32768           0/393216   ( 0.0%) 
waterstrips              0/32768           0/327680   ( 0.0%) 
waterverts               0/65536           0/786432   ( 0.0%) 
waterindices             0/65536           0/131072   ( 0.0%) 
cubemapsamples           0/1024            0/16384    ( 0.0%) 
overlays                 0/1024            0/360448   ( 0.0%) 
LDR lightdata         [variable]       15792/0        ( 0.0%) 
HDR lightdata         [variable]           0/0        ( 0.0%) 
visdata               [variable]          44/16777216 ( 0.0%) 
entdata               [variable]        3140/393216   ( 0.8%) 
LDR ambient table       28/65536         112/262144   ( 0.0%) 
HDR ambient table       28/65536         112/262144   ( 0.0%) 
LDR leaf ambient         4/65536         112/1835008  ( 0.0%) 
HDR leaf ambient        28/65536         784/1835008  ( 0.0%) 
occluders                0/0               0/0        ( 0.0%) 
occluder polygons        0/0               0/0        ( 0.0%) 
occluder vert ind        0/0               0/0        ( 0.0%) 
detail props          [variable]           1/12       ( 8.3%) 
static props          [variable]           1/12       ( 8.3%) 
pakfile               [variable]       74446/0        ( 0.0%) 
physics               [variable]        4458/4194304  ( 0.1%) 
physics terrain       [variable]           2/1048576  ( 0.0%) 

Level flags = 7d

Total triangle count: 32
Writing i:\csgodev\other\towerdefence.bsp
0 seconds elapsed



[Reading texlights from 'lights.rad']
[17 texlights parsed from 'lights.rad']

Loading i:\csgodev\other\towerdefence.bsp
16 faces
11984 square feet [1725696.00 square inches]
0 Displacements
0 Square Feet [0.00 Square Inches]
16 patches before subdivision
392 patches after subdivision
0 direct lights
0...1...2...3...4...5...6...7...8...9...100...1...2...3...4...5...6...7...8...9...10transfers 835, max 84
transfer lists:   0.0 megs
0...1...2...3...4...5...6...7...8...9...10	Bounce #1 added RGB(0, 0, 0)
Build Patch/Sample Hash Table(s).....Done<0.0001 sec>
0...1...2...3...4...5...6...7...8...9...10FinalLightFace Done
0 of 0 (0% of) surface lights went in leaf ambient cubes.
0...1...2...3...4...5...6...7...8...9...10Writing leaf ambient...done
Ready to Finish

Object names       Objects/Maxobjs  Memory / Maxmem  Fullness 
------------       ---------------  ---------------  -------- 
models                   1/1024           48/49152    ( 0.1%) 
brushes                 12/8192          144/98304    ( 0.1%) 
brushsides              72/65536         576/524288   ( 0.1%) 
planes                  74/65536        1480/1310720  ( 0.1%) 
vertexes                35/65536         420/786432   ( 0.1%) 
nodes                   26/65536         832/2097152  ( 0.0%) 
texinfos                 4/12288         288/884736   ( 0.0%) 
texdata                  4/2048          128/65536    ( 0.2%) 
dispinfos                0/0               0/0        ( 0.0%) 
disp_verts               0/0               0/0        ( 0.0%) 
disp_tris                0/0               0/0        ( 0.0%) 
disp_multiblend          0/0               0/0        ( 0.0%) 
disp_lmsamples           0/0               0/0        ( 0.0%) 
faces                   16/65536         896/3670016  ( 0.0%) 
hdr faces               16/65536         896/3670016  ( 0.0%) 
origfaces                6/65536         336/3670016  ( 0.0%) 
facebrushes              0/0               0/0        ( 0.0%) 
facebrushlists          16/0              64/0        ( 0.0%) 
leaves                  28/65536         896/2097152  ( 0.0%) 
leaffaces               16/65536          32/131072   ( 0.0%) 
leafbrushes             35/65536          70/131072   ( 0.1%) 
areas                    2/1024           16/8192     ( 0.2%) 
surfedges               88/512000        352/2048000  ( 0.0%) 
edges                   57/256000        228/1024000  ( 0.0%) 
LDR worldlights          0/8192            0/819200   ( 0.0%) 
HDR worldlights          0/8192            0/819200   ( 0.0%) 
leafwaterdata            0/32768           0/393216   ( 0.0%) 
waterstrips              0/32768           0/327680   ( 0.0%) 
waterverts               0/65536           0/786432   ( 0.0%) 
waterindices             0/65536           0/131072   ( 0.0%) 
cubemapsamples           0/1024            0/16384    ( 0.0%) 
overlays                 0/1024            0/360448   ( 0.0%) 
LDR lightdata         [variable]       15792/0        ( 0.0%) 
HDR lightdata         [variable]       15792/0        ( 0.0%) 
visdata               [variable]          44/16777216 ( 0.0%) 
entdata               [variable]        3140/393216   ( 0.8%) 
LDR ambient table       28/65536         112/262144   ( 0.0%) 
HDR ambient table       28/65536         112/262144   ( 0.0%) 
LDR leaf ambient         4/65536         112/1835008  ( 0.0%) 
HDR leaf ambient         4/65536         112/1835008  ( 0.0%) 
occluders                0/0               0/0        ( 0.0%) 
occluder polygons        0/0               0/0        ( 0.0%) 
occluder vert ind        0/0               0/0        ( 0.0%) 
detail props          [variable]           1/12       ( 8.3%) 
static props          [variable]           1/12       ( 8.3%) 
pakfile               [variable]       74446/0        ( 0.0%) 
physics               [variable]        4458/4194304  ( 0.1%) 
physics terrain       [variable]           2/1048576  ( 0.0%) 

Level flags = 7f

Total triangle count: 32
Writing i:\csgodev\other\towerdefence.bsp
0 seconds elapsed



materialPath: I:\steam\steamapps\common\Counter-Strike Global Offensive\csgo\materials
Loading i:\csgodev\other\towerdefence.vmf
Map revision 2
fixing up env_cubemap materials on brush sides...
0...1...2...3...4...5...6...7...8...9...100...1...2...3...4...5...6...7...8...9...10Processing areas...done (0)
Building Faces...done (0)
FixTjuncs...
PruneNodes...
WriteBSP...
done (0)
writing i:\csgodev\other\towerdefence.prt...Building visibility clusters...
done (0)
Finding displacement neighbors...
Finding lightmap sample positions...
Displacement Alpha : 0...1...2...3...4...5...6...7...8...9...10
Building Physics collision data...
done (0) (4458 bytes)
Placing detail props : 0...1...2...3...4...5...6...7...8...9...10
Compacting texture/material tables...
Reduced 12 texinfos to 4
Reduced 4 texdatas to 4 (89 bytes to 89)
Writing i:\csgodev\other\towerdefence.bsp
1 second elapsed



8 threads
reading i:\csgodev\other\towerdefence.bsp
reading i:\csgodev\other\towerdefence.prt
  29 portalclusters
  44 numportals
0...1...2...3...4...5...6...7...8...9...100...1...2...3...4...5...6...7...8...9...10Optimized: 0 visible clusters (0.00%)
Total clusters visible: 641
Average clusters visible: 22
Building PAS...
Average clusters audible: 22
visdatasize:460  compressed from 464
writing i:\csgodev\other\towerdefence.bsp
0 seconds elapsed



[Reading texlights from 'lights.rad']
[17 texlights parsed from 'lights.rad']

Loading i:\csgodev\other\towerdefence.bsp
277 faces
582750 square feet [83916032.00 square inches]
0 Displacements
0 Square Feet [0.00 Square Inches]
277 patches before subdivision
18139 patches after subdivision
0 direct lights
0...1...2...3...4...5...6...7...8...9...100...1...2...3...4...5...6...7...8...9...10transfers 949551, max 326
transfer lists:   7.2 megs
0...1...2...3...4...5...6...7...8...9...10	Bounce #1 added RGB(0, 0, 0)
Build Patch/Sample Hash Table(s).....Done<0.0094 sec>
0...1...2...3...4...5...6...7...8...9...10FinalLightFace Done
0 of 0 (0% of) surface lights went in leaf ambient cubes.
0...1...2...3...4...5...6...7...8...9...10Writing leaf ambient...done
Ready to Finish

Object names       Objects/Maxobjs  Memory / Maxmem  Fullness 
------------       ---------------  ---------------  -------- 
models                   1/1024           48/49152    ( 0.1%) 
brushes                 12/8192          144/98304    ( 0.1%) 
brushsides              72/65536         576/524288   ( 0.1%) 
planes                  74/65536        1480/1310720  ( 0.1%) 
vertexes               339/65536        4068/786432   ( 0.5%) 
nodes                  133/65536        4256/2097152  ( 0.2%) 
texinfos                 4/12288         288/884736   ( 0.0%) 
texdata                  4/2048          128/65536    ( 0.2%) 
dispinfos                0/0               0/0        ( 0.0%) 
disp_verts               0/0               0/0        ( 0.0%) 
disp_tris                0/0               0/0        ( 0.0%) 
disp_multiblend          0/0               0/0        ( 0.0%) 
disp_lmsamples           0/0               0/0        ( 0.0%) 
faces                  277/65536       15512/3670016  ( 0.4%) 
hdr faces                0/65536           0/3670016  ( 0.0%) 
origfaces               12/65536         672/3670016  ( 0.0%) 
facebrushes              0/0               0/0        ( 0.0%) 
facebrushlists         277/0            1108/0        ( 0.0%) 
leaves                 135/65536        4320/2097152  ( 0.2%) 
leaffaces              277/65536         554/131072   ( 0.4%) 
leafbrushes             86/65536         172/131072   ( 0.1%) 
areas                    3/1024           24/8192     ( 0.3%) 
surfedges             1206/512000       4824/2048000  ( 0.2%) 
edges                  628/256000       2512/1024000  ( 0.2%) 
LDR worldlights          0/8192            0/819200   ( 0.0%) 
HDR worldlights          0/8192            0/819200   ( 0.0%) 
leafwaterdata            0/32768           0/393216   ( 0.0%) 
waterstrips              0/32768           0/327680   ( 0.0%) 
waterverts               0/65536           0/786432   ( 0.0%) 
waterindices             0/65536           0/131072   ( 0.0%) 
cubemapsamples           0/1024            0/16384    ( 0.0%) 
overlays                 0/1024            0/360448   ( 0.0%) 
LDR lightdata         [variable]     1162212/0        ( 0.0%) 
HDR lightdata         [variable]           0/0        ( 0.0%) 
visdata               [variable]         460/16777216 ( 0.0%) 
entdata               [variable]        3258/393216   ( 0.8%) 
LDR ambient table      135/65536         540/262144   ( 0.2%) 
HDR ambient table      135/65536         540/262144   ( 0.2%) 
LDR leaf ambient        29/65536         812/1835008  ( 0.0%) 
HDR leaf ambient       135/65536        3780/1835008  ( 0.2%) 
occluders                0/0               0/0        ( 0.0%) 
occluder polygons        0/0               0/0        ( 0.0%) 
occluder vert ind        0/0               0/0        ( 0.0%) 
detail props          [variable]           1/12       ( 8.3%) 
static props          [variable]           1/12       ( 8.3%) 
pakfile               [variable]       74446/0        ( 0.0%) 
physics               [variable]        4458/4194304  ( 0.1%) 
physics terrain       [variable]           2/1048576  ( 0.0%) 

Level flags = 7d

Total triangle count: 604
Writing i:\csgodev\other\towerdefence.bsp
0 seconds elapsed



[Reading texlights from 'lights.rad']
[17 texlights parsed from 'lights.rad']

Loading i:\csgodev\other\towerdefence.bsp
277 faces
582750 square feet [83916032.00 square inches]
0 Displacements
0 Square Feet [0.00 Square Inches]
277 patches before subdivision
18139 patches after subdivision
0 direct lights
0...1...2...3...4...5...6...7...8...9...100...1...2...3...4...5...6...7...8...9...10transfers 949551, max 326
transfer lists:   7.2 megs
0...1...2...3...4...5...6...7...8...9...10	Bounce #1 added RGB(0, 0, 0)
Build Patch/Sample Hash Table(s).....Done<0.0075 sec>
0...1...2...3...4...5...6...7...8...9...10FinalLightFace Done
0 of 0 (0% of) surface lights went in leaf ambient cubes.
0...1...2...3...4...5...6...7...8...9...10Writing leaf ambient...done
Ready to Finish

Object names       Objects/Maxobjs  Memory / Maxmem  Fullness 
------------       ---------------  ---------------  -------- 
models                   1/1024           48/49152    ( 0.1%) 
brushes                 12/8192          144/98304    ( 0.1%) 
brushsides              72/65536         576/524288   ( 0.1%) 
planes                  74/65536        1480/1310720  ( 0.1%) 
vertexes               339/65536        4068/786432   ( 0.5%) 
nodes                  133/65536        4256/2097152  ( 0.2%) 
texinfos                 4/12288         288/884736   ( 0.0%) 
texdata                  4/2048          128/65536    ( 0.2%) 
dispinfos                0/0               0/0        ( 0.0%) 
disp_verts               0/0               0/0        ( 0.0%) 
disp_tris                0/0               0/0        ( 0.0%) 
disp_multiblend          0/0               0/0        ( 0.0%) 
disp_lmsamples           0/0               0/0        ( 0.0%) 
faces                  277/65536       15512/3670016  ( 0.4%) 
hdr faces              277/65536       15512/3670016  ( 0.4%) 
origfaces               12/65536         672/3670016  ( 0.0%) 
facebrushes              0/0               0/0        ( 0.0%) 
facebrushlists         277/0            1108/0        ( 0.0%) 
leaves                 135/65536        4320/2097152  ( 0.2%) 
leaffaces              277/65536         554/131072   ( 0.4%) 
leafbrushes             86/65536         172/131072   ( 0.1%) 
areas                    3/1024           24/8192     ( 0.3%) 
surfedges             1206/512000       4824/2048000  ( 0.2%) 
edges                  628/256000       2512/1024000  ( 0.2%) 
LDR worldlights          0/8192            0/819200   ( 0.0%) 
HDR worldlights          0/8192            0/819200   ( 0.0%) 
leafwaterdata            0/32768           0/393216   ( 0.0%) 
waterstrips              0/32768           0/327680   ( 0.0%) 
waterverts               0/65536           0/786432   ( 0.0%) 
waterindices             0/65536           0/131072   ( 0.0%) 
cubemapsamples           0/1024            0/16384    ( 0.0%) 
overlays                 0/1024            0/360448   ( 0.0%) 
LDR lightdata         [variable]     1162212/0        ( 0.0%) 
HDR lightdata         [variable]     1162212/0        ( 0.0%) 
visdata               [variable]         460/16777216 ( 0.0%) 
entdata               [variable]        3258/393216   ( 0.8%) 
LDR ambient table      135/65536         540/262144   ( 0.2%) 
HDR ambient table      135/65536         540/262144   ( 0.2%) 
LDR leaf ambient        29/65536         812/1835008  ( 0.0%) 
HDR leaf ambient        29/65536         812/1835008  ( 0.0%) 
occluders                0/0               0/0        ( 0.0%) 
occluder polygons        0/0               0/0        ( 0.0%) 
occluder vert ind        0/0               0/0        ( 0.0%) 
detail props          [variable]           1/12       ( 8.3%) 
static props          [variable]           1/12       ( 8.3%) 
pakfile               [variable]       74446/0        ( 0.0%) 
physics               [variable]        4458/4194304  ( 0.1%) 
physics terrain       [variable]           2/1048576  ( 0.0%) 

Level flags = 7f

Total triangle count: 604
Writing i:\csgodev\other\towerdefence.bsp
0 seconds elapsed



materialPath: I:\steam\steamapps\common\Counter-Strike Global Offensive\csgo\materials
Loading i:\csgodev\other\towerdefence.vmf
Map revision 3
fixing up env_cubemap materials on brush sides...
0...1...2...3...4...5...6...7...8...9...100...1...2...3...4...5...6...7...8...9...10Processing areas...done (0)
Building Faces...done (0)
FixTjuncs...
PruneNodes...
WriteBSP...
done (0)
writing i:\csgodev\other\towerdefence.prt...Building visibility clusters...
done (0)
Finding displacement neighbors...
Finding lightmap sample positions...
Displacement Alpha : 0...1...2...3...4...5...6...7...8...9...10
Building Physics collision data...
done (0) (4458 bytes)
Placing detail props : 0...1...2...3...4...5...6...7...8...9...10
Compacting texture/material tables...
Reduced 14 texinfos to 4
Reduced 4 texdatas to 4 (89 bytes to 89)
Writing i:\csgodev\other\towerdefence.bsp
0 seconds elapsed



8 threads
reading i:\csgodev\other\towerdefence.bsp
reading i:\csgodev\other\towerdefence.prt
  29 portalclusters
  44 numportals
0...1...2...3...4...5...6...7...8...9...100...1...2...3...4...5...6...7...8...9...10Optimized: 0 visible clusters (0.00%)
Total clusters visible: 641
Average clusters visible: 22
Building PAS...
Average clusters audible: 22
visdatasize:460  compressed from 464
writing i:\csgodev\other\towerdefence.bsp
0 seconds elapsed



[Reading texlights from 'lights.rad']
[17 texlights parsed from 'lights.rad']

Loading i:\csgodev\other\towerdefence.bsp
279 faces
587482 square feet [84597440.00 square inches]
0 Displacements
0 Square Feet [0.00 Square Inches]
279 patches before subdivision
18201 patches after subdivision
0 direct lights
0...1...2...3...4...5...6...7...8...9...100...1...2...3...4...5...6...7...8...9...10transfers 949690, max 326
transfer lists:   7.2 megs
0...1...2...3...4...5...6...7...8...9...10	Bounce #1 added RGB(0, 0, 0)
Build Patch/Sample Hash Table(s).....Done<0.0061 sec>
0...1...2...3...4...5...6...7...8...9...10FinalLightFace Done
0 of 0 (0% of) surface lights went in leaf ambient cubes.
0...1...2...3...4...5...6...7...8...9...10Writing leaf ambient...done
Ready to Finish

Object names       Objects/Maxobjs  Memory / Maxmem  Fullness 
------------       ---------------  ---------------  -------- 
models                   1/1024           48/49152    ( 0.1%) 
brushes                 12/8192          144/98304    ( 0.1%) 
brushsides              72/65536         576/524288   ( 0.1%) 
planes                  74/65536        1480/1310720  ( 0.1%) 
vertexes               342/65536        4104/786432   ( 0.5%) 
nodes                  133/65536        4256/2097152  ( 0.2%) 
texinfos                 4/12288         288/884736   ( 0.0%) 
texdata                  4/2048          128/65536    ( 0.2%) 
dispinfos                0/0               0/0        ( 0.0%) 
disp_verts               0/0               0/0        ( 0.0%) 
disp_tris                0/0               0/0        ( 0.0%) 
disp_multiblend          0/0               0/0        ( 0.0%) 
disp_lmsamples           0/0               0/0        ( 0.0%) 
faces                  279/65536       15624/3670016  ( 0.4%) 
hdr faces                0/65536           0/3670016  ( 0.0%) 
origfaces               12/65536         672/3670016  ( 0.0%) 
facebrushes              0/0               0/0        ( 0.0%) 
facebrushlists         279/0            1116/0        ( 0.0%) 
leaves                 135/65536        4320/2097152  ( 0.2%) 
leaffaces              279/65536         558/131072   ( 0.4%) 
leafbrushes             86/65536         172/131072   ( 0.1%) 
areas                    3/1024           24/8192     ( 0.3%) 
surfedges             1216/512000       4864/2048000  ( 0.2%) 
edges                  633/256000       2532/1024000  ( 0.2%) 
LDR worldlights          0/8192            0/819200   ( 0.0%) 
HDR worldlights          0/8192            0/819200   ( 0.0%) 
leafwaterdata            0/32768           0/393216   ( 0.0%) 
waterstrips              0/32768           0/327680   ( 0.0%) 
waterverts               0/65536           0/786432   ( 0.0%) 
waterindices             0/65536           0/131072   ( 0.0%) 
cubemapsamples           0/1024            0/16384    ( 0.0%) 
overlays                 0/1024            0/360448   ( 0.0%) 
LDR lightdata         [variable]     1171500/0        ( 0.0%) 
HDR lightdata         [variable]           0/0        ( 0.0%) 
visdata               [variable]         460/16777216 ( 0.0%) 
entdata               [variable]        3255/393216   ( 0.8%) 
LDR ambient table      135/65536         540/262144   ( 0.2%) 
HDR ambient table      135/65536         540/262144   ( 0.2%) 
LDR leaf ambient        29/65536         812/1835008  ( 0.0%) 
HDR leaf ambient       135/65536        3780/1835008  ( 0.2%) 
occluders                0/0               0/0        ( 0.0%) 
occluder polygons        0/0               0/0        ( 0.0%) 
occluder vert ind        0/0               0/0        ( 0.0%) 
detail props          [variable]           1/12       ( 8.3%) 
static props          [variable]           1/12       ( 8.3%) 
pakfile               [variable]       74446/0        ( 0.0%) 
physics               [variable]        4458/4194304  ( 0.1%) 
physics terrain       [variable]           2/1048576  ( 0.0%) 

Level flags = 7d

Total triangle count: 610
Writing i:\csgodev\other\towerdefence.bsp
0 seconds elapsed



[Reading texlights from 'lights.rad']
[17 texlights parsed from 'lights.rad']

Loading i:\csgodev\other\towerdefence.bsp
279 faces
587482 square feet [84597440.00 square inches]
0 Displacements
0 Square Feet [0.00 Square Inches]
279 patches before subdivision
18201 patches after subdivision
0 direct lights
0...1...2...3...4...5...6...7...8...9...100...1...2...3...4...5...6...7...8...9...10transfers 949690, max 326
transfer lists:   7.2 megs
0...1...2...3...4...5...6...7...8...9...10	Bounce #1 added RGB(0, 0, 0)
Build Patch/Sample Hash Table(s).....Done<0.0065 sec>
0...1...2...3...4...5...6...7...8...9...10FinalLightFace Done
0 of 0 (0% of) surface lights went in leaf ambient cubes.
0...1...2...3...4...5...6...7...8...9...10Writing leaf ambient...done
Ready to Finish

Object names       Objects/Maxobjs  Memory / Maxmem  Fullness 
------------       ---------------  ---------------  -------- 
models                   1/1024           48/49152    ( 0.1%) 
brushes                 12/8192          144/98304    ( 0.1%) 
brushsides              72/65536         576/524288   ( 0.1%) 
planes                  74/65536        1480/1310720  ( 0.1%) 
vertexes               342/65536        4104/786432   ( 0.5%) 
nodes                  133/65536        4256/2097152  ( 0.2%) 
texinfos                 4/12288         288/884736   ( 0.0%) 
texdata                  4/2048          128/65536    ( 0.2%) 
dispinfos                0/0               0/0        ( 0.0%) 
disp_verts               0/0               0/0        ( 0.0%) 
disp_tris                0/0               0/0        ( 0.0%) 
disp_multiblend          0/0               0/0        ( 0.0%) 
disp_lmsamples           0/0               0/0        ( 0.0%) 
faces                  279/65536       15624/3670016  ( 0.4%) 
hdr faces              279/65536       15624/3670016  ( 0.4%) 
origfaces               12/65536         672/3670016  ( 0.0%) 
facebrushes              0/0               0/0        ( 0.0%) 
facebrushlists         279/0            1116/0        ( 0.0%) 
leaves                 135/65536        4320/2097152  ( 0.2%) 
leaffaces              279/65536         558/131072   ( 0.4%) 
leafbrushes             86/65536         172/131072   ( 0.1%) 
areas                    3/1024           24/8192     ( 0.3%) 
surfedges             1216/512000       4864/2048000  ( 0.2%) 
edges                  633/256000       2532/1024000  ( 0.2%) 
LDR worldlights          0/8192            0/819200   ( 0.0%) 
HDR worldlights          0/8192            0/819200   ( 0.0%) 
leafwaterdata            0/32768           0/393216   ( 0.0%) 
waterstrips              0/32768           0/327680   ( 0.0%) 
waterverts               0/65536           0/786432   ( 0.0%) 
waterindices             0/65536           0/131072   ( 0.0%) 
cubemapsamples           0/1024            0/16384    ( 0.0%) 
overlays                 0/1024            0/360448   ( 0.0%) 
LDR lightdata         [variable]     1171500/0        ( 0.0%) 
HDR lightdata         [variable]     1171500/0        ( 0.0%) 
visdata               [variable]         460/16777216 ( 0.0%) 
entdata               [variable]        3255/393216   ( 0.8%) 
LDR ambient table      135/65536         540/262144   ( 0.2%) 
HDR ambient table      135/65536         540/262144   ( 0.2%) 
LDR leaf ambient        29/65536         812/1835008  ( 0.0%) 
HDR leaf ambient        29/65536         812/1835008  ( 0.0%) 
occluders                0/0               0/0        ( 0.0%) 
occluder polygons        0/0               0/0        ( 0.0%) 
occluder vert ind        0/0               0/0        ( 0.0%) 
detail props          [variable]           1/12       ( 8.3%) 
static props          [variable]           1/12       ( 8.3%) 
pakfile               [variable]       74446/0        ( 0.0%) 
physics               [variable]        4458/4194304  ( 0.1%) 
physics terrain       [variable]           2/1048576  ( 0.0%) 

Level flags = 7f

Total triangle count: 610
Writing i:\csgodev\other\towerdefence.bsp
0 seconds elapsed



materialPath: I:\steam\steamapps\common\Counter-Strike Global Offensive\csgo\materials
Loading i:\csgodev\other\towerdefence.vmf
Map revision 4
fixing up env_cubemap materials on brush sides...
0...1...2...3...4...5...6...7...8...9...100...1...2...3...4...5...6...7...8...9...10Processing areas...done (0)
Building Faces...done (0)
FixTjuncs...
PruneNodes...
WriteBSP...
done (0)
writing i:\csgodev\other\towerdefence.prt...Building visibility clusters...
done (0)
Finding displacement neighbors...
Finding lightmap sample positions...
Displacement Alpha : 0...1...2...3...4...5...6...7...8...9...10
Building Physics collision data...
done (0) (4458 bytes)
Placing detail props : 0...1...2...3...4...5...6...7...8...9...10
Compacting texture/material tables...
Reduced 14 texinfos to 4
Reduced 4 texdatas to 4 (89 bytes to 89)
Writing i:\csgodev\other\towerdefence.bsp
0 seconds elapsed



8 threads
reading i:\csgodev\other\towerdefence.bsp
reading i:\csgodev\other\towerdefence.prt
  29 portalclusters
  44 numportals
0...1...2...3...4...5...6...7...8...9...100...1...2...3...4...5...6...7...8...9...10Optimized: 0 visible clusters (0.00%)
Total clusters visible: 641
Average clusters visible: 22
Building PAS...
Average clusters audible: 22
visdatasize:460  compressed from 464
writing i:\csgodev\other\towerdefence.bsp
0 seconds elapsed



[Reading texlights from 'lights.rad']
[17 texlights parsed from 'lights.rad']

Loading i:\csgodev\other\towerdefence.bsp
279 faces
587482 square feet [84597440.00 square inches]
0 Displacements
0 Square Feet [0.00 Square Inches]
279 patches before subdivision
18201 patches after subdivision
0 direct lights
0...1...2...3...4...5...6...7...8...9...100...1...2...3...4...5...6...7...8...9...10transfers 949690, max 326
transfer lists:   7.2 megs
0...1...2...3...4...5...6...7...8...9...10	Bounce #1 added RGB(0, 0, 0)
Build Patch/Sample Hash Table(s).....Done<0.0061 sec>
0...1...2...3...4...5...6...7...8...9...10FinalLightFace Done
0 of 0 (0% of) surface lights went in leaf ambient cubes.
0...1...2...3...4...5...6...7...8...9...10Writing leaf ambient...done
Ready to Finish

Object names       Objects/Maxobjs  Memory / Maxmem  Fullness 
------------       ---------------  ---------------  -------- 
models                   1/1024           48/49152    ( 0.1%) 
brushes                 12/8192          144/98304    ( 0.1%) 
brushsides              72/65536         576/524288   ( 0.1%) 
planes                  74/65536        1480/1310720  ( 0.1%) 
vertexes               342/65536        4104/786432   ( 0.5%) 
nodes                  133/65536        4256/2097152  ( 0.2%) 
texinfos                 4/12288         288/884736   ( 0.0%) 
texdata                  4/2048          128/65536    ( 0.2%) 
dispinfos                0/0               0/0        ( 0.0%) 
disp_verts               0/0               0/0        ( 0.0%) 
disp_tris                0/0               0/0        ( 0.0%) 
disp_multiblend          0/0               0/0        ( 0.0%) 
disp_lmsamples           0/0               0/0        ( 0.0%) 
faces                  279/65536       15624/3670016  ( 0.4%) 
hdr faces                0/65536           0/3670016  ( 0.0%) 
origfaces               12/65536         672/3670016  ( 0.0%) 
facebrushes              0/0               0/0        ( 0.0%) 
facebrushlists         279/0            1116/0        ( 0.0%) 
leaves                 135/65536        4320/2097152  ( 0.2%) 
leaffaces              279/65536         558/131072   ( 0.4%) 
leafbrushes             86/65536         172/131072   ( 0.1%) 
areas                    3/1024           24/8192     ( 0.3%) 
surfedges             1216/512000       4864/2048000  ( 0.2%) 
edges                  633/256000       2532/1024000  ( 0.2%) 
LDR worldlights          0/8192            0/819200   ( 0.0%) 
HDR worldlights          0/8192            0/819200   ( 0.0%) 
leafwaterdata            0/32768           0/393216   ( 0.0%) 
waterstrips              0/32768           0/327680   ( 0.0%) 
waterverts               0/65536           0/786432   ( 0.0%) 
waterindices             0/65536           0/131072   ( 0.0%) 
cubemapsamples           0/1024            0/16384    ( 0.0%) 
overlays                 0/1024            0/360448   ( 0.0%) 
LDR lightdata         [variable]     1171500/0        ( 0.0%) 
HDR lightdata         [variable]           0/0        ( 0.0%) 
visdata               [variable]         460/16777216 ( 0.0%) 
entdata               [variable]        3270/393216   ( 0.8%) 
LDR ambient table      135/65536         540/262144   ( 0.2%) 
HDR ambient table      135/65536         540/262144   ( 0.2%) 
LDR leaf ambient        29/65536         812/1835008  ( 0.0%) 
HDR leaf ambient       135/65536        3780/1835008  ( 0.2%) 
occluders                0/0               0/0        ( 0.0%) 
occluder polygons        0/0               0/0        ( 0.0%) 
occluder vert ind        0/0               0/0        ( 0.0%) 
detail props          [variable]           1/12       ( 8.3%) 
static props          [variable]           1/12       ( 8.3%) 
pakfile               [variable]       74446/0        ( 0.0%) 
physics               [variable]        4458/4194304  ( 0.1%) 
physics terrain       [variable]           2/1048576  ( 0.0%) 

Level flags = 7d

Total triangle count: 610
Writing i:\csgodev\other\towerdefence.bsp
0 seconds elapsed



[Reading texlights from 'lights.rad']
[17 texlights parsed from 'lights.rad']

Loading i:\csgodev\other\towerdefence.bsp
279 faces
587482 square feet [84597440.00 square inches]
0 Displacements
0 Square Feet [0.00 Square Inches]
279 patches before subdivision
18201 patches after subdivision
0 direct lights
0...1...2...3...4...5...6...7...8...9...100...1...2...3...4...5...6...7...8...9...10transfers 949690, max 326
transfer lists:   7.2 megs
0...1...2...3...4...5...6...7...8...9...10	Bounce #1 added RGB(0, 0, 0)
Build Patch/Sample Hash Table(s).....Done<0.0064 sec>
0...1...2...3...4...5...6...7...8...9...10FinalLightFace Done
0 of 0 (0% of) surface lights went in leaf ambient cubes.
0...1...2...3...4...5...6...7...8...9...10Writing leaf ambient...done
Ready to Finish

Object names       Objects/Maxobjs  Memory / Maxmem  Fullness 
------------       ---------------  ---------------  -------- 
models                   1/1024           48/49152    ( 0.1%) 
brushes                 12/8192          144/98304    ( 0.1%) 
brushsides              72/65536         576/524288   ( 0.1%) 
planes                  74/65536        1480/1310720  ( 0.1%) 
vertexes               342/65536        4104/786432   ( 0.5%) 
nodes                  133/65536        4256/2097152  ( 0.2%) 
texinfos                 4/12288         288/884736   ( 0.0%) 
texdata                  4/2048          128/65536    ( 0.2%) 
dispinfos                0/0               0/0        ( 0.0%) 
disp_verts               0/0               0/0        ( 0.0%) 
disp_tris                0/0               0/0        ( 0.0%) 
disp_multiblend          0/0               0/0        ( 0.0%) 
disp_lmsamples           0/0               0/0        ( 0.0%) 
faces                  279/65536       15624/3670016  ( 0.4%) 
hdr faces              279/65536       15624/3670016  ( 0.4%) 
origfaces               12/65536         672/3670016  ( 0.0%) 
facebrushes              0/0               0/0        ( 0.0%) 
facebrushlists         279/0            1116/0        ( 0.0%) 
leaves                 135/65536        4320/2097152  ( 0.2%) 
leaffaces              279/65536         558/131072   ( 0.4%) 
leafbrushes             86/65536         172/131072   ( 0.1%) 
areas                    3/1024           24/8192     ( 0.3%) 
surfedges             1216/512000       4864/2048000  ( 0.2%) 
edges                  633/256000       2532/1024000  ( 0.2%) 
LDR worldlights          0/8192            0/819200   ( 0.0%) 
HDR worldlights          0/8192            0/819200   ( 0.0%) 
leafwaterdata            0/32768           0/393216   ( 0.0%) 
waterstrips              0/32768           0/327680   ( 0.0%) 
waterverts               0/65536           0/786432   ( 0.0%) 
waterindices             0/65536           0/131072   ( 0.0%) 
cubemapsamples           0/1024            0/16384    ( 0.0%) 
overlays                 0/1024            0/360448   ( 0.0%) 
LDR lightdata         [variable]     1171500/0        ( 0.0%) 
HDR lightdata         [variable]     1171500/0        ( 0.0%) 
visdata               [variable]         460/16777216 ( 0.0%) 
entdata               [variable]        3270/393216   ( 0.8%) 
LDR ambient table      135/65536         540/262144   ( 0.2%) 
HDR ambient table      135/65536         540/262144   ( 0.2%) 
LDR leaf ambient        29/65536         812/1835008  ( 0.0%) 
HDR leaf ambient        29/65536         812/1835008  ( 0.0%) 
occluders                0/0               0/0        ( 0.0%) 
occluder polygons        0/0               0/0        ( 0.0%) 
occluder vert ind        0/0               0/0        ( 0.0%) 
detail props          [variable]           1/12       ( 8.3%) 
static props          [variable]           1/12       ( 8.3%) 
pakfile               [variable]       74446/0        ( 0.0%) 
physics               [variable]        4458/4194304  ( 0.1%) 
physics terrain       [variable]           2/1048576  ( 0.0%) 

Level flags = 7f

Total triangle count: 610
Writing i:\csgodev\other\towerdefence.bsp
0 seconds elapsed
